/home/james/.conda/envs/DeepLearning/lib/python3.11/site-packages/psims/mzmlb/writer.py:33: UserWarning: hdf5plugin is missing! Only the slower GZIP compression scheme will be available! Please install hdf5plugin to be able to use Blosc.
  warnings.warn(
flattenShape: (256, 27)
Loaded 11 spectra from /data/data/PXD028735/LFQ_Orbitrap_DDA_Ecoli_02.mgf
Starting Compression with batch size 1 and quantizer 4
[[  65  457  111  837  815  207  862  396  227  655  655   52   51  165
   131  761  875   34  375  227  227  655  227  584  314  201   49]
 [ 825  523   90  471  113  223  290  819  775  463  303  107  661  365
  1003  177  649   22  433  566  303  629  896  119  230  950  285]
 [ 695   74  461  684  777  269  625  892  302  258  639  717  410  810
   407  859  709 1005  153  975  552  380  451  451  908  542  262]
 [ 767  745  185  289  428  144  378  377   19  377  325  677   98    5
    45  506  871  324  677  430   19  267  377  957  435  660  306]]
(11, 4, 27)
Flushing Packer
Storing compounded data: 3 entries
Compression time: 2.715245008468628 seconds
[[101.0606384, 111.0445938, 129.0550842, 129.4403687, 134.1690369, 147.065979], [101.9393158, 111.7623444]]
[[101.0606384, 111.0445938, 129.0550842, 129.4403687, 134.1690369, 147.065979], [101.9393158, 111.7623444]]
[[107.5906143, 110.0717316, 113.7852554, 139.8459778], [102.0550537, 129.1029816, 139.718338, 147.1130219]]
[[107.5906143, 110.0717316, 113.7852554, 139.8459778], [102.0550537, 129.1029816, 139.718338, 147.1130219]]
[[129.1025238, 136.1129913, 143.4164276], [110.0722504]]
[[129.1025238, 136.1129913, 143.4164276], [110.0722504]]
[[114.6562576, 143.1182861], [107.9904022, 129.1025238, 149.024231]]
[[114.6562576, 143.1182861], [107.9904022, 129.1025238, 149.024231]]
[[102.0551529, 119.0497818, 128.9441223, 129.1025696, 130.0861206, 136.075943, 141.0663147, 147.0439606, 147.1134491], [129.1029358, 136.0749359, 143.9086761]]
[[102.0551529, 119.0497818, 128.9441223, 129.1025696, 130.0861206, 136.075943, 141.0663147, 147.0439606, 147.1134491], [129.1029358, 136.0749359, 143.9086761]]
[[100.7833481, 119.0494308, 129.1024933, 129.4528198, 130.086792, 136.0760651, 147.0453339, 147.1133728]]
Decompression completed. Output written to /data3/james/LFQ_Orbitrap_DDA_Ecoli_02_decompressed.mgf
Compressing LFQ_Orbitrap_DDA_Condition_A_Sample_Alpha_04.mgf
[[ 165  457  111  837  815  207  862  396  309   34  655   52  378  165
   131  595  875   34  655   52  227  655  655  584  314  201  301]
 [ 775   36   51  471  941  523  290  164  375  566  303  566  425  172
  1003  183  322   22  319  107  303  629  319  375  285  713  290]
 [ 189  312  691  440  973  838 1001  400 1001  380  639  639  695  488
   577  859  709  903  153  717 1001  621  220  153  908  868  451]
 [1007    5  183  205  745  989  677  339  339  518  796  473  969   28
    45  506  677  353 1007  120  120  473  686  120  578  717  862]]
(116249, 4, 27)
Compression time: 914.1298968791962 seconds
[[ 165  457  111  837  815  207  862  396  309   34  655   52  378  165
   131  595  875   34  655   52  227  655  655  584  314  201  301]
 [ 775   36   51  471  941  523  290  164  375  566  303  566  425  172
  1003  183  322   22  319  107  303  629  319  375  285  713  290]
 [ 189  312  691  440  973  838 1001  400 1001  380  639  639  695  488
   577  859  709  903  153  717 1001  621  220  153  908  868  451]
 [1007    5  183  205  745  989  677  339  339  518  796  473  969   28
    45  506  677  353 1007  120  120  473  686  120  578  717  862]]
(116249, 4, 27)
Compression time: 864.7536315917969 seconds
Compressing LFQ_Orbitrap_DDA_Condition_A_Sample_Beta_02.mgf
[[ 131   66  457   50  324   84   19  309  227   34  655  227  253   20
   761   20  396  862  655  227  227  655  655  584  314  201  133]
 [ 557   90  381  301  529  915  408  566  319  566  164  937  775  878
   681  622  828  303  433  566  303  629  629  819   95  302  443]
 [ 258 1009  687  850  832  691  903  285  262  302  639  220  773  451
   410  931  685  302  613  779 1001  621  695  717  901  868  903]
 [ 316  109   86  609  317  631  124  377  817  518   19  677  677   83
   222  739  800  737  339  339  120  578   19  862  399  436  399]]
(116006, 4, 27)
Compression time: 907.8139159679413 seconds
[[ 131   66  457   50  324   84   19  309  227   34  655  227  253   20
   761   20  396  862  655  227  227  655  655  584  314  201  133]
 [ 557   90  381  301  529  915  408  566  319  566  164  937  775  878
   681  622  828  303  433  566  303  629  629  819   95  302  443]
 [ 258 1009  687  850  832  691  903  285  262  302  639  220  773  451
   410  931  685  302  613  779 1001  621  695  717  901  868  903]
 [ 316  109   86  609  317  631  124  377  817  518   19  677  677   83
   222  739  800  737  339  339  120  578   19  862  399  436  399]]
(116006, 4, 27)
Compression time: 859.3294725418091 seconds
Compressing LFQ_Orbitrap_DDA_Yeast_03.mgf
[[ 927  457  108  471  281  281  175  368  140  214  142  584  357  119
   761  519  603   71  143   62   44  239  519  168  595  171  301]
 [ 154  767  947  266  471  652  841  764   22  911  686    4  879  729
   536  712  117  859  649  540  720  720  365  477  111   17  992]
 [ 168  312  289  175  578  748 1012 1021  129  357  306  868  220  597
   807  461  631  512  359   77  580  227  639  414  349   50   82]
 [   5  604  183  389  437  494  156  684  114   15  488   66  600  138
   138  847  316  164  471  285  421  132  267 1001  684  610  557]]
(100207, 4, 27)
Compression time: 753.9228699207306 seconds
[[ 927  457  108  471  281  281  175  368  140  214  142  584  357  119
   761  519  603   71  143   62   44  239  519  168  595  171  301]
 [ 154  767  947  266  471  652  841  764   22  911  686    4  879  729
   536  712  117  859  649  540  720  720  365  477  111   17  992]
 [ 168  312  289  175  578  748 1012 1021  129  357  306  868  220  597
   807  461  631  512  359   77  580  227  639  414  349   50   82]
 [   5  604  183  389  437  494  156  684  114   15  488   66  600  138
   138  847  316  164  471  285  421  132  267 1001  684  610  557]]
(100207, 4, 27)
Compression time: 713.696117401123 seconds
Compressing LFQ_Orbitrap_DDA_Ecoli_02.mgf
[[  65  457  111  837  815  207  862  396  227  655  655   52   51  165
   131  761  875   34  375  227  227  655  227  584  314  201   49]
 [ 825  523   90  471  113  223  290  819  775  463  303  107  661  365
  1003  177  649   22  433  566  303  629  896  119  230  950  285]
 [ 695   74  461  684  777  269  625  892  302  258  639  717  410  810
   407  859  709 1005  153  975  552  380  451  451  908  542  262]
 [ 767  745  185  289  428  144  378  377   19  377  325  677   98    5
    45  506  871  324  677  430   19  267  377  957  435  660  306]]
(62091, 4, 27)
Compression time: 318.33861327171326 seconds
[[  65  457  111  837  815  207  862  396  227  655  655   52   51  165
   131  761  875   34  375  227  227  655  227  584  314  201   49]
 [ 825  523   90  471  113  223  290  819  775  463  303  107  661  365
  1003  177  649   22  433  566  303  629  896  119  230  950  285]
 [ 695   74  461  684  777  269  625  892  302  258  639  717  410  810
   407  859  709 1005  153  975  552  380  451  451  908  542  262]
 [ 767  745  185  289  428  144  378  377   19  377  325  677   98    5
    45  506  871  324  677  430   19  267  377  957  435  660  306]]
(62091, 4, 27)
Compression time: 301.4533007144928 seconds
Compressing LFQ_Orbitrap_DDA_Yeast_01.mgf
[[ 190  655  177  386  639  440  529  404 1021   99  965  181  494  655
   761  244  423  291    3  257   57  227  227   52  314  201  133]
 [ 121  819   55  316  653   85  428  941  863  896  235  727  566  319
   396  121   17  256  681  775  629  303  390  629  896  120  629]
 [ 661  639  153  816  228  284  784  227  633  892  717  220  153  773
   285  422  262  717  695  296   35    7  220  220  717  717  165]
 [ 969  578  473  193  450  413  584  120  684  306  589  604  377 1007
   643   95  325 1022  935  120 1022   83  471  796  324  604  306]]
(104049, 4, 27)
Compression time: 778.4176700115204 seconds
[[ 190  655  177  386  639  440  529  404 1021   99  965  181  494  655
   761  244  423  291    3  257   57  227  227   52  314  201  133]
 [ 121  819   55  316  653   85  428  941  863  896  235  727  566  319
   396  121   17  256  681  775  629  303  390  629  896  120  629]
 [ 661  639  153  816  228  284  784  227  633  892  717  220  153  773
   285  422  262  717  695  296   35    7  220  220  717  717  165]
 [ 969  578  473  193  450  413  584  120  684  306  589  604  377 1007
   643   95  325 1022  935  120 1022   83  471  796  324  604  306]]
(104049, 4, 27)
Compression time: 741.6207797527313 seconds
Compressing LFQ_Orbitrap_DDA_Condition_A_Sample_Alpha_03.mgf
[[ 165  457  836  837  815  207  105   52  309   34  655   52   52  165
   131  595  875  655  655   52  227  655  655  584  314  201  301]
 [ 775  523   90  471  941  523  896  775  375  566  303  566  896  365
  1003  120  107  629  566  566  303  629  319  375  285  751  497]
 [ 189  294  345  440  830  882  552  892 1001  380  639  639  165  594
   810  619  410  613  380  779  552  380  220  779  153  312  908]
 [ 767 1003  577  205  381  719  339  339  339  642   95  473  578  303
   132  988  817  686  969  862   19  267  324   19  796  132  677]]
(117880, 4, 27)
Compression time: 933.5647656917572 seconds
[[ 165  457  836  837  815  207  105   52  309   34  655   52   52  165
   131  595  875  655  655   52  227  655  655  584  314  201  301]
 [ 775  523   90  471  941  523  896  775  375  566  303  566  896  365
  1003  120  107  629  566  566  303  629  319  375  285  751  497]
 [ 189  294  345  440  830  882  552  892 1001  380  639  639  165  594
   810  619  410  613  380  779  552  380  220  779  153  312  908]
 [ 767 1003  577  205  381  719  339  339  339  642   95  473  578  303
   132  988  817  686  969  862   19  267  324   19  796  132  677]]
(117880, 4, 27)
Compression time: 889.1964299678802 seconds
Compressing LFQ_Orbitrap_DDA_Ecoli_01.mgf
[[  65  574  111  837  815  207  862  396  309   34  655   52  378  165
   131  430  875  655  655   52  227  655  655  584  314  201  301]
 [ 825  336   90  471  345  523  290  319  375  566   22  566  928  628
  1003   98  322  164  896  566  303  107  319  727  230  950  290]
 [ 695  313  289  440  957  882  552  552  726  613  153  302  153  577
   577  619  200  613  451  639  552  451  597  349  975  542  407]
 [ 339  954  487  205  437  109  411  339  339  969  166  120  473  463
    45  444  339  578  471  377   19  377  430  577  518  292  686]]
(63245, 4, 27)
Compression time: 348.639080286026 seconds
[[  65  574  111  837  815  207  862  396  309   34  655   52  378  165
   131  430  875  655  655   52  227  655  655  584  314  201  301]
 [ 825  336   90  471  345  523  290  319  375  566   22  566  928  628
  1003   98  322  164  896  566  303  107  319  727  230  950  290]
 [ 695  313  289  440  957  882  552  552  726  613  153  302  153  577
   577  619  200  613  451  639  552  451  597  349  975  542  407]
 [ 339  954  487  205  437  109  411  339  339  969  166  120  473  463
    45  444  339  578  471  377   19  377  430  577  518  292  686]]
(63245, 4, 27)
Compression time: 331.9486680030823 seconds
Compressing LFQ_Orbitrap_DDA_Condition_A_Sample_Beta_01.mgf
[[ 655  574  574  140  278  722  565   87  671  655  655  227   52  181
    22  140   56  862  131  227  227  655  655  584  314  201  133]
 [ 107  303  720  557    8  245  231  819  819  629  164  303  107  164
   382  347   45   51  775  375  727  629  629  819  230  333  235]
 [ 227  302  529  925  662  790  252  661  220  621 1001  552  779  717
   643  700  720  908  668  262  621  621  380  613  153  488  695]
 [ 377  114  509  942  370  223  682  120  737  473  339  267  578  969
    57  567  600  969  120  267  120  578  166  471  267  737  954]]
(114320, 4, 27)
Compression time: 921.311928987503 seconds
[[ 655  574  574  140  278  722  565   87  671  655  655  227   52  181
    22  140   56  862  131  227  227  655  655  584  314  201  133]
 [ 107  303  720  557    8  245  231  819  819  629  164  303  107  164
   382  347   45   51  775  375  727  629  629  819  230  333  235]
 [ 227  302  529  925  662  790  252  661  220  621 1001  552  779  717
   643  700  720  908  668  262  621  621  380  613  153  488  695]
 [ 377  114  509  942  370  223  682  120  737  473  339  267  578  969
    57  567  600  969  120  267  120  578  166  471  267  737  954]]
(114320, 4, 27)
Compression time: 873.2267036437988 seconds
Compressing LFQ_Orbitrap_DDA_Ecoli_03.mgf
[[ 108  417  164  108  337  984  530  437  774  853  115  931  362  269
   119   77  671  378  519   44  257  584  671  253  595  171   49]
 [ 406  574  718  424  267  696  397  330 1010  835   50  305  528  497
   768  126  172  172  649  319  347  727  120  230  721  375  628]
 [ 820   18  717  252  203  749  862  153   92  315 1021  552  422  227
    60  121   35  512  528  613  153  227 1005  528  388  958  878]
 [ 151   40    6  942  925  662   90  339  471  155  672  290  624  737
    72   72  684  987  699  339  954  423  737  800  639   66   19]]
(61412, 4, 27)
Compression time: 339.56758427619934 seconds
[[ 108  417  164  108  337  984  530  437  774  853  115  931  362  269
   119   77  671  378  519   44  257  584  671  253  595  171   49]
 [ 406  574  718  424  267  696  397  330 1010  835   50  305  528  497
   768  126  172  172  649  319  347  727  120  230  721  375  628]
 [ 820   18  717  252  203  749  862  153   92  315 1021  552  422  227
    60  121   35  512  528  613  153  227 1005  528  388  958  878]
 [ 151   40    6  942  925  662   90  339  471  155  672  290  624  737
    72   72  684  987  699  339  954  423  737  800  639   66   19]]
(61412, 4, 27)
Compression time: 320.41512513160706 seconds
Compressing LFQ_Orbitrap_DDA_Condition_A_Sample_Alpha_01.mgf
[[ 744  143  785  471  837  440  791  404  332  186  302  503  455  282
    46  535   80  291   22   99  396   74  410  396  595  171  301]
 [ 390  536  977  266  471  746  117  941  528  675 1001  265  675  598
   925  649  227  138  649  506  390  233  775  319  506  992  831]
 [ 695  115  289  775  684  592  294  661  486   50   35  770  264  748
   291  580  269  734  597  695  901  297  907  302  717  661  892]
 [ 377  324  985  240  756   56  324  677  686  418  256   66  578  285
   639  289  969  677  109  423  306  496  407   72 1007  735  578]]
(109507, 4, 27)
Compression time: 848.2268009185791 seconds
[[ 744  143  785  471  837  440  791  404  332  186  302  503  455  282
    46  535   80  291   22   99  396   74  410  396  595  171  301]
 [ 390  536  977  266  471  746  117  941  528  675 1001  265  675  598
   925  649  227  138  649  506  390  233  775  319  506  992  831]
 [ 695  115  289  775  684  592  294  661  486   50   35  770  264  748
   291  580  269  734  597  695  901  297  907  302  717  661  892]
 [ 377  324  985  240  756   56  324  677  686  418  256   66  578  285
   639  289  969  677  109  423  306  496  407   72 1007  735  578]]
(109507, 4, 27)
Compression time: 799.043773651123 seconds
Compressing LFQ_Orbitrap_DDA_Human_02.mgf
[[ 306  498  384  331   41  662  571  582  851  997  694  420  136  131
    51  165  295   44  527  527  761  423   22  378   51  201  133]
 [ 504  223 1015  365  835  195  666  785  909  245   57  330  164  428
   896  775  235  375  751  567  791  172  629  540  765  120  623]
 [1007  258  668  558  451  486  447  633  751  200  228  719  434  220
   958  220  552  113  901   50  975  359  700  868   77  220  629]
 [  68  488  989  473  954  817  518  803  584  848  984  411  353  377
   430  306  739  344  604  411  513  267  316  942 1006  557  800]]
(115801, 4, 27)
Compression time: 904.9615440368652 seconds
[[ 306  498  384  331   41  662  571  582  851  997  694  420  136  131
    51  165  295   44  527  527  761  423   22  378   51  201  133]
 [ 504  223 1015  365  835  195  666  785  909  245   57  330  164  428
   896  775  235  375  751  567  791  172  629  540  765  120  623]
 [1007  258  668  558  451  486  447  633  751  200  228  719  434  220
   958  220  552  113  901   50  975  359  700  868   77  220  629]
 [  68  488  989  473  954  817  518  803  584  848  984  411  353  377
   430  306  739  344  604  411  513  267  316  942 1006  557  800]]
(115801, 4, 27)
Compression time: 860.7155187129974 seconds
Compressing LFQ_Orbitrap_DDA_Yeast_02.mgf
[[ 505  605  598  489  676  433  148  368  984  206  965   99  503  824
   240  244  744  314    9  430  227  227  744  527  503  201  133]
 [ 536  269  267 1009   45  364  841  347  303  896  235  566  164  720
   256  433  859  404  236  191  566  119  319  305  395  120  106]
 [ 115  832   10   24   10   40  451  434  828  552  827  153  613   35
   148  354  774  478 1001   35  629  165   52   82  717  512  558]
 [ 746  479  933  313  450   78  604  377  981  168  836  894  684   70
   739 1022  585  435  862  577  684   83  339  604  684  114  306]]
(101021, 4, 27)
Compression time: 762.0221209526062 seconds
[[ 505  605  598  489  676  433  148  368  984  206  965   99  503  824
   240  244  744  314    9  430  227  227  744  527  503  201  133]
 [ 536  269  267 1009   45  364  841  347  303  896  235  566  164  720
   256  433  859  404  236  191  566  119  319  305  395  120  106]
 [ 115  832   10   24   10   40  451  434  828  552  827  153  613   35
   148  354  774  478 1001   35  629  165   52   82  717  512  558]
 [ 746  479  933  313  450   78  604  377  981  168  836  894  684   70
   739 1022  585  435  862  577  684   83  339  604  684  114  306]]
(101021, 4, 27)
Compression time: 723.5190677642822 seconds
Compressing LFQ_Orbitrap_DDA_Condition_A_Sample_Alpha_02.mgf
[[ 761   34  574  140  278  722  565   87  131   34  655   99  375  165
    22  140   56  862  862  227  227  655  361  168  595  201  133]
 [ 955  828    9  557    8  245  231  819  937  566  203  566  297  303
   267  791   18   51  285  566  727  164   22  867  819  751  828]
 [ 253  639  528  925  486  790  252  380  220 1014  639  258  828  220
     7  878   77  434  861  153  621 1001  262  275  604  774  369]
 [ 985   85  425  290  610  121  417  518  377 1007  710  339  578   19
   306  344   70  737  677 1007  578   19  737  496  557  684  677]]
(111413, 4, 27)
Compression time: 875.8023905754089 seconds
[[ 761   34  574  140  278  722  565   87  131   34  655   99  375  165
    22  140   56  862  862  227  227  655  361  168  595  201  133]
 [ 955  828    9  557    8  245  231  819  937  566  203  566  297  303
   267  791   18   51  285  566  727  164   22  867  819  751  828]
 [ 253  639  528  925  486  790  252  380  220 1014  639  258  828  220
     7  878   77  434  861  153  621 1001  262  275  604  774  369]
 [ 985   85  425  290  610  121  417  518  377 1007  710  339  578   19
   306  344   70  737  677 1007  578   19  737  496  557  684  677]]
(111413, 4, 27)
Compression time: 838.8549973964691 seconds
Compressing LFQ_Orbitrap_DDA_Human_01.mgf
[[ 306  498  384  350  400  662  519  582   78  997  694  420  536  893
   464  105  165  131  527  297  761   74  336  378   51  171  133]
 [  19   36  336  163  549   51  121  297  835  245  148  762  401   17
   126  275  506  119  506  838  791  844  775  138    9  404   58]
 [ 558  777  258   74  559  552  717  349  368  189  719  350  479  227
   293  633  779  315  613 1005   92  227    7   35 1001   50  528]
 [ 155  413  346   35  789  353  197  201  433  557  667  604  518  515
    72  407  862  324  114  436  513  344  796   72  846  608  785]]
(118387, 4, 27)
Compression time: 964.0488612651825 seconds
[[ 306  498  384  350  400  662  519  582   78  997  694  420  536  893
   464  105  165  131  527  297  761   74  336  378   51  171  133]
 [  19   36  336  163  549   51  121  297  835  245  148  762  401   17
   126  275  506  119  506  838  791  844  775  138    9  404   58]
 [ 558  777  258   74  559  552  717  349  368  189  719  350  479  227
   293  633  779  315  613 1005   92  227    7   35 1001   50  528]
 [ 155  413  346   35  789  353  197  201  433  557  667  604  518  515
    72  407  862  324  114  436  513  344  796   72  846  608  785]]
(118387, 4, 27)
Compression time: 879.0473446846008 seconds
Compressing LFQ_Orbitrap_DDA_Human_03.mgf
[[   7  239  100  241  460  715   93  519  119  862  269  227  143   62
     8  358  503  691  849   52  227  655  227   52  595  171  133]
 [ 433  119  741   90  530  271  716  660  623  629  107  506  506  579
   172  536  650  859  681  319  506   22  126  629  121  236  404]
 [ 717 1014  340  614  356  785   37 1001  153  892  153  621  552  264
   312  580  520  359  828  315  908 1001  165   50  134   52   74]
 [ 677  862  381  381  343  919  851  557  518  506  796  518  423  471
     5   42  265  833  989 1019  267  862  120  339  557  325  699]]
(114340, 4, 27)
Compression time: 898.4640955924988 seconds
[[   7  239  100  241  460  715   93  519  119  862  269  227  143   62
     8  358  503  691  849   52  227  655  227   52  595  171  133]
 [ 433  119  741   90  530  271  716  660  623  629  107  506  506  579
   172  536  650  859  681  319  506   22  126  629  121  236  404]
 [ 717 1014  340  614  356  785   37 1001  153  892  153  621  552  264
   312  580  520  359  828  315  908 1001  165   50  134   52   74]
 [ 677  862  381  381  343  919  851  557  518  506  796  518  423  471
     5   42  265  833  989 1019  267  862  120  339  557  325  699]]
(114340, 4, 27)
Compression time: 857.9967584609985 seconds
